2015-12-29_18:08:08,696 -- Started

---Writing regular output to log /export/home/oracle/Automation/logs_SDATA1/sdata_schema1_install_automatic.sh.log---
***Writing debug output to log /export/home/oracle/Automation/logs_SDATA1/sdata_schema1_install_automatic.sh.log***

[33m2015-12-29_18:08:08,700 -- Getting package...[0m
[33mPath to package was given explicitly, getting /export/home/oracle/build_server/Releases/db_sdata/db_sdata_1.3.21.0.tgz[0m
`/export/home/oracle/build_server/Releases/db_sdata/db_sdata_1.3.21.0.tgz' -> `/export/home/oracle/Automation/packages/db_sdata_1.3.21.0.tgz'
2015-12-29_18:08:08,759 -- Copying finished
setting env variable AUTOMATION_PACKAGE_NAME_sdata1 in .bashrc
[33m
2015-12-29_18:08:08,764 -- Extracting db_sdata_1.3.21.0.tgz to /export/home/oracle/Automation/packages...
[0m
db_sdata_1.3.21.0/db_config_sdata.sql
db_sdata_1.3.21.0/db_manifest.sh
db_sdata_1.3.21.0/fresh_sdata.sql
db_sdata_1.3.21.0/install_db_sdata.sh
db_sdata_1.3.21.0/db_bkp_rlbk.sh
db_sdata_1.3.21.0/drop_user.sh
db_sdata_1.3.21.0/sdatasysChanges.sql
[32m"db_sdata_1.3.21.0" from the package "db_sdata_1.3.21.0.tgz" was extracted in /export/home/oracle/Automation/packages as "db_sdata_1.3.21.0_sdata1"[0m
[32m/export/home/oracle/Automation/packages/db_sdata_1.3.21.0_sdata1/db_config_sdata.sql was set for sdata1:
[0m
SET DEFINE "^"

-- For static-data
DEFINE SDATA_USER=SDATA1
DEFINE GCD_SCHEMA=GCD
DEFINE EA_SCHEMA=EA
DEFINE DB_LINK=@SDATA
DEFINE BIN_SCHEMA=SD
[33m
2015-12-29_18:08:08,897 -- Starting installation...[0m
[33m
2015-12-29_18:08:08,899 -- Removing oracle archive logs with RMAN...
[0m
[33m
setting PTS_AUTOMATION_LOGS_HOME[0m
set PTS_AUTOMATION_LOGS_HOME: /export/home/oracle/Automation/logs_SDATA1
[33m
setting PTS_AUTOMATION_USERNAME[0m
set PTS_AUTOMATION_USERNAME: sdata1

Reading PTS_AUTOMATION_LOGS_HOME
Found PTS_AUTOMATION_LOGS_HOME
Reading PTS_AUTOMATION_USERNAME
Found PTS_AUTOMATION_USERNAME
spawn bash
rman
[oracle@tyobpdb01m-tlvq ~]$ rman

Recovery Manager: Release 12.1.0.2.0 - Production on Tue Dec 29 18:08:08 2015

Copyright (c) 1982, 2014, Oracle and/or its affiliates.  All rights reserved.

RMAN> connect target

connected to target database: PTDB (DBID=1589690390)

RMAN> delete force archivelog all completed before 'sysdate -2/24';

using target database control file instead of recovery catalog
allocated channel: ORA_DISK_1
channel ORA_DISK_1: SID=18 device type=DISK
[32m
2015-12-29_18:08:14,914 -- Finished RMAN
[0m
[33m
2015-12-29_18:08:14,916 -- Dropping user sdata1[0m

SQL*Plus: Release 12.1.0.2.0 Production on Tue Dec 29 18:08:14 2015

Copyright (c) 1982, 2014, Oracle.  All rights reserved.


Connected to:
Oracle Database 12c Enterprise Edition Release 12.1.0.2.0 - 64bit Production
With the Partitioning and Automatic Storage Management options

SQL> SQL> SQL> SQL> SQL> SQL> SQL> SQL> SQL> SQL> sqlplus-- Dropping user sdata1, please wait...
SQL> SQL>   2    3    4    5    6    7    8    9   10   11   12   13   14   15   16   17   18   19   20   21   22   23   24   25   26   27   28   29   30   31   32  SQL> sqlplus-- User sdata1 dropped!
SQL> Disconnected from Oracle Database 12c Enterprise Edition Release 12.1.0.2.0 - 64bit Production
With the Partitioning and Automatic Storage Management options
[32m2015-12-29_18:08:58,485 -- Dropping user "sdata1" finished[0m
[32m[0m
[33m2015-12-29_18:08:58,488 -- Creating user sdata1...[0m
[31mError: script for creating user "/export/home/oracle/Automation/buildSchema_sdata1.sh" does not exist or is not executable, exiting[0m

[31m2015-12-29_18:08:58,491 -- Error while creating user, installation not finished[0m
exit_status: 1
/export/home/oracle/Automation/pid_sdata1.log removed

