Tue Jan 26 06:51:29 GMT 2016 PTS service :  Attempting to perform stop on service pts_tidy
Tue Jan 26 06:51:29 GMT 2016 PTS tidy :  stopping PTS (module: tidy) ...
Tue Jan 26 06:51:29 GMT 2016 PTS tidy :  The PTS (module: tidy) is not running.
Tue Jan 26 06:51:29 GMT 2016 PTS service :  pts_tidy stopped successfully
Tue Jan 26 06:51:29 GMT 2016 PTS service :  Attempting to perform stop on service pts_core
Tue Jan 26 06:51:29 GMT 2016 PTS core :  stopping PTS (module: core) ...
Tue Jan 26 06:51:29 GMT 2016 PTS core :  The PTS (module: core) is not running.
Tue Jan 26 06:51:29 GMT 2016 PTS service :  pts_core stopped successfully
Tue Jan 26 06:51:29 GMT 2016 PTS service :  Attempting to perform stop on service pts_http
Tue Jan 26 06:51:29 GMT 2016 PTS http :  stopping PTS (module: http) ...
Tue Jan 26 06:51:29 GMT 2016 PTS http :  The PTS (module: http) is not running.
Tue Jan 26 06:51:29 GMT 2016 PTS service :  pts_http stopped successfully
Tue Jan 26 06:51:32 GMT 2016 PTS service :  Attempting to perform Start on service pts_tidy
Tue Jan 26 06:51:32 GMT 2016 PTS tidy :  starting PTS (module: tidy) ...
Tue Jan 26 06:51:37 GMT 2016 PTS service :  Service status: The PTS (module: tidy) is not running.
Tue Jan 26 06:51:37 GMT 2016 [pts_tidy watchdog service:] pts_tidy is down. Starting...
Tue Jan 26 06:51:37 GMT 2016 PTS tidy :  starting PTS (module: tidy) ...
Tue Jan 26 06:51:37 GMT 2016 [pts_tidy watchdog service:] pts_tidy   has been started successfully
Tue Jan 26 06:51:42 GMT 2016 PTS service :  Service status: The PTS (module: tidy) is not running.
Tue Jan 26 06:51:42 GMT 2016 PTS service :  Attempting to perform Start on service pts_core
Tue Jan 26 06:51:42 GMT 2016 PTS core :  starting PTS (module: core) ...
Tue Jan 26 06:51:47 GMT 2016 [pts_tidy watchdog service:] pts_tidy starting failed, presumaby configuration is invalid.
Tue Jan 26 06:51:47 GMT 2016 PTS service :  Service status: The PTS (module: core) is alive.
Tue Jan 26 06:51:52 GMT 2016 PTS service :  Service status: The PTS (module: core) is alive.
Tue Jan 26 06:51:52 GMT 2016 PTS service :  Attempting to perform Start on service pts_http
Tue Jan 26 06:51:52 GMT 2016 PTS http :  starting PTS (module: http) ...
Tue Jan 26 06:51:57 GMT 2016 PTS service :  Service status: The PTS (module: http) is alive.
Tue Jan 26 06:52:02 GMT 2016 PTS service :  Service status: The PTS (module: http) is alive.
Tue Jan 26 06:52:27 GMT 2016 [pts_http watchdog service:] pts_http is down. Starting...
Tue Jan 26 06:52:27 GMT 2016 PTS http :  starting PTS (module: http) ...
Tue Jan 26 06:52:27 GMT 2016 [pts_http watchdog service:] pts_http   has been started successfully
Tue Jan 26 06:53:07 GMT 2016 [pts_core watchdog service:] pts_core is down. Starting...
Tue Jan 26 06:53:07 GMT 2016 PTS core :  starting PTS (module: core) ...
Tue Jan 26 06:53:07 GMT 2016 [pts_core watchdog service:] pts_core   has been started successfully
Tue Jan 26 06:55:28 GMT 2016 [pts_core watchdog service:] pts_core starting failed, presumaby configuration is invalid.
Tue Jan 26 06:55:28 GMT 2016 [pts_http watchdog service:] pts_http starting failed, presumaby configuration is invalid.
Tue Jan 26 07:04:40 GMT 2016 PTS service :  Attempting to perform stop on service pts_tidy
Tue Jan 26 07:04:40 GMT 2016 PTS tidy :  stopping PTS (module: tidy) ...
Tue Jan 26 07:04:40 GMT 2016 PTS tidy :  The PTS (module: tidy) is not running.
Tue Jan 26 07:04:40 GMT 2016 PTS service :  pts_tidy stopped successfully
Tue Jan 26 07:04:40 GMT 2016 PTS service :  Attempting to perform stop on service pts_core
Tue Jan 26 07:04:40 GMT 2016 PTS core :  stopping PTS (module: core) ...
Tue Jan 26 07:04:40 GMT 2016 PTS core :  The PTS (module: core) is not running.
Tue Jan 26 07:04:40 GMT 2016 PTS service :  pts_core stopped successfully
Tue Jan 26 07:04:40 GMT 2016 PTS service :  Attempting to perform stop on service pts_http
Tue Jan 26 07:04:40 GMT 2016 PTS http :  stopping PTS (module: http) ...
Tue Jan 26 07:04:40 GMT 2016 PTS http :  The PTS (module: http) is not running.
Tue Jan 26 07:04:40 GMT 2016 PTS service :  pts_http stopped successfully
Tue Jan 26 07:04:40 GMT 2016 PTS service :  Attempting to perform stop on service pts_tidy
Tue Jan 26 07:04:40 GMT 2016 PTS tidy :  stopping PTS (module: tidy) ...
Tue Jan 26 07:04:40 GMT 2016 PTS tidy :  The PTS (module: tidy) is not running.
Tue Jan 26 07:04:40 GMT 2016 PTS service :  pts_tidy stopped successfully
Tue Jan 26 07:04:40 GMT 2016 PTS service :  Attempting to perform stop on service pts_core
Tue Jan 26 07:04:40 GMT 2016 PTS core :  stopping PTS (module: core) ...
Tue Jan 26 07:04:40 GMT 2016 PTS core :  The PTS (module: core) is not running.
Tue Jan 26 07:04:40 GMT 2016 PTS service :  pts_core stopped successfully
Tue Jan 26 07:04:40 GMT 2016 PTS service :  Attempting to perform stop on service pts_http
Tue Jan 26 07:04:40 GMT 2016 PTS http :  stopping PTS (module: http) ...
Tue Jan 26 07:04:40 GMT 2016 PTS http :  The PTS (module: http) is not running.
Tue Jan 26 07:04:40 GMT 2016 PTS service :  pts_http stopped successfully
Tue Jan 26 07:08:01 GMT 2016 PTS service :  Attempting to perform stop on service pts_tidy
Tue Jan 26 07:08:01 GMT 2016 PTS tidy :  stopping PTS (module: tidy) ...
Tue Jan 26 07:08:01 GMT 2016 PTS tidy :  The PTS (module: tidy) is not running.
Tue Jan 26 07:08:01 GMT 2016 PTS service :  pts_tidy stopped successfully
Tue Jan 26 07:08:01 GMT 2016 PTS service :  Attempting to perform stop on service pts_core
Tue Jan 26 07:08:01 GMT 2016 PTS core :  stopping PTS (module: core) ...
Tue Jan 26 07:08:01 GMT 2016 PTS core :  The PTS (module: core) is not running.
Tue Jan 26 07:08:01 GMT 2016 PTS service :  pts_core stopped successfully
Tue Jan 26 07:08:01 GMT 2016 PTS service :  Attempting to perform stop on service pts_http
Tue Jan 26 07:08:01 GMT 2016 PTS http :  stopping PTS (module: http) ...
Tue Jan 26 07:08:01 GMT 2016 PTS http :  The PTS (module: http) is not running.
Tue Jan 26 07:08:01 GMT 2016 PTS service :  pts_http stopped successfully
Tue Jan 26 07:08:04 GMT 2016 PTS service :  Attempting to perform Start on service pts_tidy
Tue Jan 26 07:08:04 GMT 2016 PTS tidy :  starting PTS (module: tidy) ...
Tue Jan 26 07:08:10 GMT 2016 PTS service :  Service status: The PTS (module: tidy) is alive.
Tue Jan 26 07:08:15 GMT 2016 PTS service :  Service status: The PTS (module: tidy) is alive.
Tue Jan 26 07:08:15 GMT 2016 PTS service :  Attempting to perform Start on service pts_core
Tue Jan 26 07:08:15 GMT 2016 PTS core :  starting PTS (module: core) ...
Tue Jan 26 07:08:20 GMT 2016 PTS service :  Service status: The PTS (module: core) is alive.
Tue Jan 26 07:08:25 GMT 2016 PTS service :  Service status: The PTS (module: core) is alive.
Tue Jan 26 07:08:25 GMT 2016 PTS service :  Attempting to perform Start on service pts_http
Tue Jan 26 07:08:25 GMT 2016 PTS http :  starting PTS (module: http) ...
Tue Jan 26 07:08:30 GMT 2016 PTS service :  Service status: The PTS (module: http) is alive.
Tue Jan 26 07:08:35 GMT 2016 PTS service :  Service status: The PTS (module: http) is alive.
Tue Jan 26 07:11:30 GMT 2016 PTS service :  Attempting to perform stop on service pts_tidy
Tue Jan 26 07:11:30 GMT 2016 PTS tidy :  stopping PTS (module: tidy) ...
Tue Jan 26 07:11:30 GMT 2016 PTS tidy :  initiating PTS (module: tidy) graceful termination
Tue Jan 26 07:11:31 GMT 2016 PTS tidy :  PTS (module: tidy) was gracefully terminated
Tue Jan 26 07:11:31 GMT 2016 PTS service :  pts_tidy stopped successfully
Tue Jan 26 07:11:31 GMT 2016 PTS service :  Attempting to perform stop on service pts_core
Tue Jan 26 07:11:31 GMT 2016 PTS core :  stopping PTS (module: core) ...
Tue Jan 26 07:11:31 GMT 2016 PTS core :  initiating PTS (module: core) graceful termination
Tue Jan 26 07:11:32 GMT 2016 PTS core :  PTS (module: core) was gracefully terminated
Tue Jan 26 07:11:32 GMT 2016 PTS service :  pts_core stopped successfully
Tue Jan 26 07:11:32 GMT 2016 PTS service :  Attempting to perform stop on service pts_http
Tue Jan 26 07:11:32 GMT 2016 PTS http :  stopping PTS (module: http) ...
Tue Jan 26 07:11:32 GMT 2016 PTS http :  initiating PTS (module: http) graceful termination
Tue Jan 26 07:11:33 GMT 2016 PTS http :  PTS (module: http) was gracefully terminated
Tue Jan 26 07:11:33 GMT 2016 PTS service :  pts_http stopped successfully
