Thu Jan 21 12:04:32 GMT 2016 PTS service :  Attempting to perform stop on service pts_tidy
Thu Jan 21 12:04:32 GMT 2016 PTS tidy :  stopping PTS (module: tidy) ...
Thu Jan 21 12:04:32 GMT 2016 PTS tidy :  The PTS (module: tidy) is not running.
Thu Jan 21 12:04:32 GMT 2016 PTS service :  pts_tidy stopped successfully
Thu Jan 21 12:04:32 GMT 2016 PTS service :  Attempting to perform stop on service pts_core
Thu Jan 21 12:04:32 GMT 2016 PTS core :  stopping PTS (module: core) ...
Thu Jan 21 12:04:32 GMT 2016 PTS core :  The PTS (module: core) is not running.
Thu Jan 21 12:04:32 GMT 2016 PTS service :  pts_core stopped successfully
Thu Jan 21 12:04:32 GMT 2016 PTS service :  Attempting to perform stop on service pts_http
Thu Jan 21 12:04:32 GMT 2016 PTS http :  stopping PTS (module: http) ...
Thu Jan 21 12:04:32 GMT 2016 PTS http :  The PTS (module: http) is not running.
Thu Jan 21 12:04:32 GMT 2016 PTS service :  pts_http stopped successfully
Thu Jan 21 12:04:35 GMT 2016 PTS service :  Attempting to perform Start on service pts_tidy
Thu Jan 21 12:04:35 GMT 2016 PTS tidy :  starting PTS (module: tidy) ...
Thu Jan 21 12:04:40 GMT 2016 PTS service :  Service status: The PTS (module: tidy) is alive.
Thu Jan 21 12:04:45 GMT 2016 PTS service :  Service status: The PTS (module: tidy) is alive.
Thu Jan 21 12:04:45 GMT 2016 PTS service :  Attempting to perform Start on service pts_core
Thu Jan 21 12:04:45 GMT 2016 PTS core :  starting PTS (module: core) ...
Thu Jan 21 12:04:50 GMT 2016 PTS service :  Service status: The PTS (module: core) is alive.
Thu Jan 21 12:04:55 GMT 2016 PTS service :  Service status: The PTS (module: core) is alive.
Thu Jan 21 12:04:55 GMT 2016 PTS service :  Attempting to perform Start on service pts_http
Thu Jan 21 12:04:55 GMT 2016 PTS http :  starting PTS (module: http) ...
Thu Jan 21 12:05:00 GMT 2016 PTS service :  Service status: The PTS (module: http) is alive.
Thu Jan 21 12:05:05 GMT 2016 PTS service :  Service status: The PTS (module: http) is alive.
Thu Jan 21 12:07:11 GMT 2016 [pts_http watchdog service:] pts_http is down. Starting...
Thu Jan 21 12:07:11 GMT 2016 PTS http :  starting PTS (module: http) ...
Thu Jan 21 12:07:11 GMT 2016 [pts_http watchdog service:] pts_http   has been started successfully
Thu Jan 21 12:07:13 GMT 2016 PTS service :  Attempting to perform stop on service pts_tidy
Thu Jan 21 12:07:13 GMT 2016 PTS tidy :  stopping PTS (module: tidy) ...
Thu Jan 21 12:07:13 GMT 2016 PTS tidy :  initiating PTS (module: tidy) graceful termination
Thu Jan 21 12:07:15 GMT 2016 PTS tidy :  PTS (module: tidy) was gracefully terminated
Thu Jan 21 12:07:15 GMT 2016 PTS service :  pts_tidy stopped successfully
Thu Jan 21 12:07:15 GMT 2016 PTS service :  Attempting to perform stop on service pts_core
Thu Jan 21 12:07:15 GMT 2016 PTS core :  stopping PTS (module: core) ...
Thu Jan 21 12:07:15 GMT 2016 PTS core :  initiating PTS (module: core) graceful termination
Thu Jan 21 12:07:17 GMT 2016 PTS core :  PTS (module: core) was gracefully terminated
Thu Jan 21 12:07:17 GMT 2016 PTS service :  pts_core stopped successfully
Thu Jan 21 12:07:17 GMT 2016 PTS service :  Attempting to perform stop on service pts_http
Thu Jan 21 12:07:17 GMT 2016 PTS http :  stopping PTS (module: http) ...
Thu Jan 21 12:07:17 GMT 2016 PTS http :  The PTS (module: http) is not running.
Thu Jan 21 12:07:17 GMT 2016 PTS service :  pts_http stopped successfully
