started at 2016-01-26_07-08-25
----------------------------------
Logger debug:main appenders: [com.ebs.jrt.logging.appenders.AsyncConsoleAppender@4157f54e, com.ebs.jrt.logging.appenders.AsyncFileAppender@90f6bfd]
Logger debug:monitor appenders: []
26-01-16 07:08:25.587	PTS-C10	INFO	Starting PTS HTTP Service  [Version: 1.3.13.0  build: 407 build time: 2015-11-17 11:59]
26-01-16 07:08:50.514	PTS-C103	INFO	Component OracleConnectionFactory [JDBC version: JDBC 4.1; Oracle Driver version: 12.1.0.2.0; DB version: Oracle Database 12c Enterprise Edition Release 12.1.0.2.0 - 64bit Production] initialized & started. Effective configuration:
{
    "connectTimeout" : 3000,
    "primary" : {
        "host" : "10.20.42.50",
        "port" : 1521
    },
    "readTimeout" : 15000,
    "schema" : "ptrade",
    "service" : "PTDB.am.icap.com"
}

26-01-16 07:08:50.699	PTS-C105	INFO	Static Data - 799 floors successfully loaded
26-01-16 07:08:50.781	PTS-C103	INFO	Component Ticket PDF Service [/0.0.0.0:8888] initialized & started. Effective configuration:
{
    "host" : null,
    "id" : 1,
    "port" : 8888
}

26-01-16 07:08:50.782	PTS-C101	INFO	Post-Trade Service PTS_Http [instance: 1] started
26-01-16 07:11:32.761	PTS-C191	INFO	Component Ticket PDF Service [/0.0.0.0:8888] shutdown started
26-01-16 07:11:32.762	PTS-C192	INFO	Component Ticket PDF Service [/0.0.0.0:8888] shutdown completed
PTS stopped at Tue Jan 26 07:11:33 GMT 2016
